{"/home/smartin/FilmFlix/film-flix/src/components/alert.tsx": {"path":"/home/smartin/FilmFlix/film-flix/src/components/alert.tsx","statementMap":{"0":{"start":{"line":1,"column":39},"end":{"line":1,"column":46}},"1":{"start":{"line":2,"column":2},"end":{"line":21,"column":4}},"2":{"start":{"line":1,"column":0},"end":{"line":1,"column":24}}},"fnMap":{"0":{"name":"Alert","decl":{"start":{"line":1,"column":24},"end":{"line":1,"column":29}},"loc":{"start":{"line":1,"column":46},"end":{"line":22,"column":1}}}},"branchMap":{},"s":{"0":0,"1":0,"2":3},"f":{"0":0},"b":{}}
,"/home/smartin/FilmFlix/film-flix/src/components/footer.tsx": {"path":"/home/smartin/FilmFlix/film-flix/src/components/footer.tsx","statementMap":{"0":{"start":{"line":2,"column":15},"end":{"line":2,"column":59}},"1":{"start":{"line":3,"column":2},"end":{"line":79,"column":4}},"2":{"start":{"line":1,"column":0},"end":{"line":1,"column":24}}},"fnMap":{"0":{"name":"Footer","decl":{"start":{"line":1,"column":24},"end":{"line":1,"column":30}},"loc":{"start":{"line":1,"column":30},"end":{"line":80,"column":1}}}},"branchMap":{},"s":{"0":0,"1":0,"2":3},"f":{"0":0},"b":{}}
,"/home/smartin/FilmFlix/film-flix/src/components/navbar.tsx": {"path":"/home/smartin/FilmFlix/film-flix/src/components/navbar.tsx","statementMap":{"0":{"start":{"line":1,"column":0},"end":{"line":1,"column":40}},"1":{"start":{"line":2,"column":0},"end":{"line":2,"column":60}},"2":{"start":{"line":5,"column":15},"end":{"line":5,"column":59}},"3":{"start":{"line":6,"column":19},"end":{"line":6,"column":32}},"4":{"start":{"line":7,"column":19},"end":{"line":7,"column":32}},"5":{"start":{"line":9,"column":2},"end":{"line":111,"column":4}},"6":{"start":{"line":22,"column":14},"end":{"line":22,"column":33}},"7":{"start":{"line":4,"column":0},"end":{"line":4,"column":24}}},"fnMap":{"0":{"name":"Navbar","decl":{"start":{"line":4,"column":24},"end":{"line":4,"column":30}},"loc":{"start":{"line":4,"column":30},"end":{"line":112,"column":1}}},"1":{"name":"(anonymous_3)","decl":{"start":{"line":21,"column":21},"end":{"line":21,"column":null}},"loc":{"start":{"line":21,"column":21},"end":{"line":23,"column":13}}}},"branchMap":{"0":{"loc":{"start":{"line":71,"column":20},"end":{"line":73,"column":26}},"type":"cond-expr","locations":[{"start":{"line":72,"column":24},"end":{"line":72,"column":66}},{"start":{"line":73,"column":24},"end":{"line":73,"column":26}}]},"1":{"loc":{"start":{"line":85,"column":20},"end":{"line":87,"column":26}},"type":"cond-expr","locations":[{"start":{"line":86,"column":24},"end":{"line":86,"column":66}},{"start":{"line":87,"column":24},"end":{"line":87,"column":26}}]},"2":{"loc":{"start":{"line":99,"column":20},"end":{"line":101,"column":26}},"type":"cond-expr","locations":[{"start":{"line":100,"column":24},"end":{"line":100,"column":66}},{"start":{"line":101,"column":24},"end":{"line":101,"column":26}}]}},"s":{"0":3,"1":3,"2":0,"3":0,"4":0,"5":0,"6":0,"7":3},"f":{"0":0,"1":0},"b":{"0":[0,0],"1":[0,0],"2":[0,0]}}
,"/home/smartin/FilmFlix/film-flix/src/pages/Home/Home.tsx": {"path":"/home/smartin/FilmFlix/film-flix/src/pages/Home/Home.tsx","statementMap":{"0":{"start":{"line":1,"column":0},"end":{"line":1,"column":45}},"1":{"start":{"line":2,"column":0},"end":{"line":2,"column":45}},"2":{"start":{"line":5,"column":20},"end":{"line":5,"column":64}},"3":{"start":{"line":6,"column":18},"end":{"line":6,"column":61}},"4":{"start":{"line":7,"column":25},"end":{"line":7,"column":75}},"5":{"start":{"line":9,"column":2},"end":{"line":108,"column":4}},"6":{"start":{"line":4,"column":0},"end":{"line":4,"column":24}}},"fnMap":{"0":{"name":"Home","decl":{"start":{"line":4,"column":24},"end":{"line":4,"column":28}},"loc":{"start":{"line":4,"column":28},"end":{"line":109,"column":1}}}},"branchMap":{},"s":{"0":1,"1":1,"2":4,"3":4,"4":4,"5":4,"6":1},"f":{"0":4},"b":{}}
,"/home/smartin/FilmFlix/film-flix/src/pages/content/content.tsx": {"path":"/home/smartin/FilmFlix/film-flix/src/pages/content/content.tsx","statementMap":{"0":{"start":{"line":1,"column":0},"end":{"line":1,"column":45}},"1":{"start":{"line":2,"column":0},"end":{"line":2,"column":45}},"2":{"start":{"line":3,"column":0},"end":{"line":3,"column":40}},"3":{"start":{"line":5,"column":0},"end":{"line":5,"column":26}},"4":{"start":{"line":38,"column":23},"end":{"line":40,"column":null}},"5":{"start":{"line":38,"column":12},"end":{"line":40,"column":null}},"6":{"start":{"line":41,"column":6},"end":{"line":43,"column":null}},"7":{"start":{"line":42,"column":8},"end":{"line":42,"column":73}},"8":{"start":{"line":44,"column":19},"end":{"line":44,"column":87}},"9":{"start":{"line":44,"column":12},"end":{"line":44,"column":null}},"10":{"start":{"line":45,"column":6},"end":{"line":49,"column":null}},"11":{"start":{"line":46,"column":8},"end":{"line":46,"column":27}},"12":{"start":{"line":48,"column":8},"end":{"line":48,"column":27}},"13":{"start":{"line":51,"column":4},"end":{"line":51,"column":25}},"14":{"start":{"line":52,"column":4},"end":{"line":52,"column":14}},"15":{"start":{"line":58,"column":38},"end":{"line":58,"column":71}},"16":{"start":{"line":59,"column":32},"end":{"line":59,"column":71}},"17":{"start":{"line":59,"column":16},"end":{"line":59,"column":18}},"18":{"start":{"line":59,"column":28},"end":{"line":59,"column":32}},"19":{"start":{"line":60,"column":2},"end":{"line":60,"column":23}},"20":{"start":{"line":62,"column":2},"end":{"line":68,"column":13}},"21":{"start":{"line":63,"column":4},"end":{"line":67,"column":7}},"22":{"start":{"line":64,"column":6},"end":{"line":64,"column":25}},"23":{"start":{"line":66,"column":6},"end":{"line":66,"column":null}},"24":{"start":{"line":70,"column":2},"end":{"line":134,"column":4}},"25":{"start":{"line":116,"column":36},"end":{"line":127,"column":16}},"26":{"start":{"line":58,"column":0},"end":{"line":58,"column":24}}},"fnMap":{"0":{"name":"getContent","decl":{"start":{"line":36,"column":15},"end":{"line":36,"column":25}},"loc":{"start":{"line":36,"column":81},"end":{"line":54,"column":null}}},"1":{"name":"Content","decl":{"start":{"line":58,"column":24},"end":{"line":58,"column":31}},"loc":{"start":{"line":58,"column":71},"end":{"line":135,"column":1}}},"2":{"name":"(anonymous_20)","decl":{"start":{"line":62,"column":18},"end":{"line":62,"column":null}},"loc":{"start":{"line":62,"column":18},"end":{"line":68,"column":3}}},"3":{"name":"(anonymous_21)","decl":{"start":{"line":63,"column":21},"end":{"line":63,"column":22}},"loc":{"start":{"line":63,"column":27},"end":{"line":65,"column":5}}},"4":{"name":"(anonymous_22)","decl":{"start":{"line":65,"column":12},"end":{"line":65,"column":13}},"loc":{"start":{"line":65,"column":17},"end":{"line":67,"column":5}}},"5":{"name":"(anonymous_23)","decl":{"start":{"line":116,"column":26},"end":{"line":116,"column":27}},"loc":{"start":{"line":116,"column":31},"end":{"line":116,"column":null}}}},"branchMap":{"0":{"loc":{"start":{"line":41,"column":6},"end":{"line":43,"column":null}},"type":"if","locations":[{"start":{"line":41,"column":6},"end":{"line":43,"column":null}}]},"1":{"loc":{"start":{"line":45,"column":6},"end":{"line":49,"column":null}},"type":"if","locations":[{"start":{"line":45,"column":6},"end":{"line":49,"column":null}},{"start":{"line":47,"column":13},"end":{"line":49,"column":null}}]}},"s":{"0":1,"1":1,"2":1,"3":1,"4":0,"5":0,"6":0,"7":0,"8":0,"9":0,"10":0,"11":0,"12":0,"13":0,"14":0,"15":12,"16":12,"17":12,"18":12,"19":12,"20":12,"21":0,"22":0,"23":0,"24":12,"25":0,"26":1},"f":{"0":0,"1":12,"2":0,"3":0,"4":0,"5":0},"b":{"0":[0],"1":[0,0]}}
,"/home/smartin/FilmFlix/film-flix/src/pages/contentInfo/contentInfo.tsx": {"path":"/home/smartin/FilmFlix/film-flix/src/pages/contentInfo/contentInfo.tsx","statementMap":{"0":{"start":{"line":1,"column":0},"end":{"line":1,"column":44}},"1":{"start":{"line":2,"column":0},"end":{"line":2,"column":44}},"2":{"start":{"line":3,"column":0},"end":{"line":3,"column":44}},"3":{"start":{"line":5,"column":0},"end":{"line":5,"column":25}},"4":{"start":{"line":38,"column":6},"end":{"line":38,"column":22}},"5":{"start":{"line":39,"column":6},"end":{"line":39,"column":24}},"6":{"start":{"line":40,"column":23},"end":{"line":42,"column":null}},"7":{"start":{"line":40,"column":12},"end":{"line":42,"column":null}},"8":{"start":{"line":43,"column":6},"end":{"line":43,"column":28}},"9":{"start":{"line":44,"column":6},"end":{"line":46,"column":null}},"10":{"start":{"line":45,"column":8},"end":{"line":45,"column":73}},"11":{"start":{"line":47,"column":19},"end":{"line":47,"column":81}},"12":{"start":{"line":47,"column":12},"end":{"line":47,"column":null}},"13":{"start":{"line":48,"column":6},"end":{"line":48,"column":24}},"14":{"start":{"line":49,"column":6},"end":{"line":53,"column":null}},"15":{"start":{"line":50,"column":8},"end":{"line":50,"column":26}},"16":{"start":{"line":52,"column":8},"end":{"line":52,"column":26}},"17":{"start":{"line":55,"column":4},"end":{"line":55,"column":25}},"18":{"start":{"line":56,"column":4},"end":{"line":56,"column":34}},"19":{"start":{"line":60,"column":42},"end":{"line":60,"column":74}},"20":{"start":{"line":61,"column":32},"end":{"line":61,"column":65}},"21":{"start":{"line":61,"column":16},"end":{"line":61,"column":18}},"22":{"start":{"line":61,"column":28},"end":{"line":61,"column":32}},"23":{"start":{"line":64,"column":17},"end":{"line":64,"column":47}},"24":{"start":{"line":66,"column":2},"end":{"line":69,"column":17}},"25":{"start":{"line":67,"column":4},"end":{"line":68,"column":40}},"26":{"start":{"line":68,"column":22},"end":{"line":68,"column":39}},"27":{"start":{"line":71,"column":2},"end":{"line":280,"column":4}},"28":{"start":{"line":60,"column":0},"end":{"line":60,"column":24}}},"fnMap":{"0":{"name":"getContentInfo","decl":{"start":{"line":36,"column":15},"end":{"line":36,"column":29}},"loc":{"start":{"line":36,"column":97},"end":{"line":58,"column":null}}},"1":{"name":"ContentInfo","decl":{"start":{"line":60,"column":24},"end":{"line":60,"column":35}},"loc":{"start":{"line":60,"column":74},"end":{"line":281,"column":1}}},"2":{"name":"(anonymous_20)","decl":{"start":{"line":66,"column":18},"end":{"line":66,"column":null}},"loc":{"start":{"line":66,"column":18},"end":{"line":69,"column":3}}},"3":{"name":"(anonymous_21)","decl":{"start":{"line":67,"column":29},"end":{"line":67,"column":30}},"loc":{"start":{"line":67,"column":35},"end":{"line":68,"column":5}}},"4":{"name":"(anonymous_22)","decl":{"start":{"line":68,"column":12},"end":{"line":68,"column":13}},"loc":{"start":{"line":68,"column":17},"end":{"line":68,"column":32}}}},"branchMap":{"0":{"loc":{"start":{"line":44,"column":6},"end":{"line":46,"column":null}},"type":"if","locations":[{"start":{"line":44,"column":6},"end":{"line":46,"column":null}}]},"1":{"loc":{"start":{"line":49,"column":6},"end":{"line":53,"column":null}},"type":"if","locations":[{"start":{"line":49,"column":6},"end":{"line":53,"column":null}},{"start":{"line":51,"column":13},"end":{"line":53,"column":null}}]},"2":{"loc":{"start":{"line":90,"column":24},"end":{"line":90,"column":39}},"type":"cond-expr","locations":[{"start":{"line":90,"column":31},"end":{"line":90,"column":33}},{"start":{"line":90,"column":24},"end":{"line":90,"column":39}}]},"3":{"loc":{"start":{"line":90,"column":24},"end":{"line":90,"column":33}},"type":"binary-expr","locations":[{"start":{"line":90,"column":24},"end":{"line":90,"column":33}},{"start":{"line":90,"column":24},"end":{"line":90,"column":33}}]},"4":{"loc":{"start":{"line":98,"column":24},"end":{"line":98,"column":53}},"type":"cond-expr","locations":[{"start":{"line":98,"column":31},"end":{"line":98,"column":33}},{"start":{"line":98,"column":24},"end":{"line":98,"column":53}}]},"5":{"loc":{"start":{"line":98,"column":24},"end":{"line":98,"column":33}},"type":"binary-expr","locations":[{"start":{"line":98,"column":24},"end":{"line":98,"column":33}},{"start":{"line":98,"column":24},"end":{"line":98,"column":33}}]},"6":{"loc":{"start":{"line":106,"column":24},"end":{"line":106,"column":116}},"type":"cond-expr","locations":[{"start":{"line":106,"column":59},"end":{"line":106,"column":84}},{"start":{"line":106,"column":87},"end":{"line":106,"column":116}}]},"7":{"loc":{"start":{"line":106,"column":24},"end":{"line":106,"column":56}},"type":"binary-expr","locations":[{"start":{"line":106,"column":24},"end":{"line":106,"column":31}},{"start":{"line":106,"column":35},"end":{"line":106,"column":56}}]},"8":{"loc":{"start":{"line":106,"column":90},"end":{"line":106,"column":110}},"type":"cond-expr","locations":[{"start":{"line":106,"column":97},"end":{"line":106,"column":99}},{"start":{"line":106,"column":90},"end":{"line":106,"column":110}}]},"9":{"loc":{"start":{"line":106,"column":90},"end":{"line":106,"column":99}},"type":"binary-expr","locations":[{"start":{"line":106,"column":90},"end":{"line":106,"column":99}},{"start":{"line":106,"column":90},"end":{"line":106,"column":99}}]},"10":{"loc":{"start":{"line":110,"column":20},"end":{"line":117,"column":null}},"type":"binary-expr","locations":[{"start":{"line":110,"column":20},"end":{"line":110,"column":27}},{"start":{"line":110,"column":31},"end":{"line":110,"column":55}},{"start":{"line":111,"column":20},"end":{"line":117,"column":null}}]},"11":{"loc":{"start":{"line":116,"column":26},"end":{"line":116,"column":46}},"type":"cond-expr","locations":[{"start":{"line":116,"column":33},"end":{"line":116,"column":35}},{"start":{"line":116,"column":26},"end":{"line":116,"column":46}}]},"12":{"loc":{"start":{"line":116,"column":26},"end":{"line":116,"column":35}},"type":"binary-expr","locations":[{"start":{"line":116,"column":26},"end":{"line":116,"column":35}},{"start":{"line":116,"column":26},"end":{"line":116,"column":35}}]},"13":{"loc":{"start":{"line":121,"column":20},"end":{"line":128,"column":null}},"type":"binary-expr","locations":[{"start":{"line":121,"column":20},"end":{"line":121,"column":27}},{"start":{"line":121,"column":31},"end":{"line":121,"column":51}},{"start":{"line":122,"column":20},"end":{"line":128,"column":null}}]},"14":{"loc":{"start":{"line":127,"column":26},"end":{"line":127,"column":42}},"type":"cond-expr","locations":[{"start":{"line":127,"column":33},"end":{"line":127,"column":35}},{"start":{"line":127,"column":26},"end":{"line":127,"column":42}}]},"15":{"loc":{"start":{"line":127,"column":26},"end":{"line":127,"column":35}},"type":"binary-expr","locations":[{"start":{"line":127,"column":26},"end":{"line":127,"column":35}},{"start":{"line":127,"column":26},"end":{"line":127,"column":35}}]},"16":{"loc":{"start":{"line":138,"column":20},"end":{"line":138,"column":34}},"type":"cond-expr","locations":[{"start":{"line":138,"column":27},"end":{"line":138,"column":29}},{"start":{"line":138,"column":20},"end":{"line":138,"column":34}}]},"17":{"loc":{"start":{"line":138,"column":20},"end":{"line":138,"column":29}},"type":"binary-expr","locations":[{"start":{"line":138,"column":20},"end":{"line":138,"column":29}},{"start":{"line":138,"column":20},"end":{"line":138,"column":29}}]},"18":{"loc":{"start":{"line":144,"column":20},"end":{"line":144,"column":45}},"type":"cond-expr","locations":[{"start":{"line":144,"column":27},"end":{"line":144,"column":29}},{"start":{"line":144,"column":20},"end":{"line":144,"column":45}}]},"19":{"loc":{"start":{"line":144,"column":20},"end":{"line":144,"column":29}},"type":"binary-expr","locations":[{"start":{"line":144,"column":20},"end":{"line":144,"column":29}},{"start":{"line":144,"column":20},"end":{"line":144,"column":29}}]},"20":{"loc":{"start":{"line":152,"column":20},"end":{"line":152,"column":111}},"type":"cond-expr","locations":[{"start":{"line":152,"column":51},"end":{"line":152,"column":63}},{"start":{"line":152,"column":66},"end":{"line":152,"column":111}}]},"21":{"loc":{"start":{"line":152,"column":20},"end":{"line":152,"column":48}},"type":"binary-expr","locations":[{"start":{"line":152,"column":20},"end":{"line":152,"column":27}},{"start":{"line":152,"column":31},"end":{"line":152,"column":48}}]},"22":{"loc":{"start":{"line":152,"column":69},"end":{"line":152,"column":87}},"type":"cond-expr","locations":[{"start":{"line":152,"column":76},"end":{"line":152,"column":78}},{"start":{"line":152,"column":69},"end":{"line":152,"column":87}}]},"23":{"loc":{"start":{"line":152,"column":69},"end":{"line":152,"column":78}},"type":"binary-expr","locations":[{"start":{"line":152,"column":69},"end":{"line":152,"column":78}},{"start":{"line":152,"column":69},"end":{"line":152,"column":78}}]},"24":{"loc":{"start":{"line":152,"column":93},"end":{"line":152,"column":109}},"type":"cond-expr","locations":[{"start":{"line":152,"column":100},"end":{"line":152,"column":102}},{"start":{"line":152,"column":93},"end":{"line":152,"column":109}}]},"25":{"loc":{"start":{"line":152,"column":93},"end":{"line":152,"column":102}},"type":"binary-expr","locations":[{"start":{"line":152,"column":93},"end":{"line":152,"column":102}},{"start":{"line":152,"column":93},"end":{"line":152,"column":102}}]},"26":{"loc":{"start":{"line":158,"column":20},"end":{"line":158,"column":44}},"type":"cond-expr","locations":[{"start":{"line":158,"column":27},"end":{"line":158,"column":29}},{"start":{"line":158,"column":20},"end":{"line":158,"column":44}}]},"27":{"loc":{"start":{"line":158,"column":20},"end":{"line":158,"column":29}},"type":"binary-expr","locations":[{"start":{"line":158,"column":20},"end":{"line":158,"column":29}},{"start":{"line":158,"column":20},"end":{"line":158,"column":29}}]},"28":{"loc":{"start":{"line":164,"column":20},"end":{"line":164,"column":37}},"type":"cond-expr","locations":[{"start":{"line":164,"column":27},"end":{"line":164,"column":29}},{"start":{"line":164,"column":20},"end":{"line":164,"column":37}}]},"29":{"loc":{"start":{"line":164,"column":20},"end":{"line":164,"column":29}},"type":"binary-expr","locations":[{"start":{"line":164,"column":20},"end":{"line":164,"column":29}},{"start":{"line":164,"column":20},"end":{"line":164,"column":29}}]},"30":{"loc":{"start":{"line":170,"column":20},"end":{"line":170,"column":40}},"type":"cond-expr","locations":[{"start":{"line":170,"column":27},"end":{"line":170,"column":29}},{"start":{"line":170,"column":20},"end":{"line":170,"column":40}}]},"31":{"loc":{"start":{"line":170,"column":20},"end":{"line":170,"column":29}},"type":"binary-expr","locations":[{"start":{"line":170,"column":20},"end":{"line":170,"column":29}},{"start":{"line":170,"column":20},"end":{"line":170,"column":29}}]}},"s":{"0":1,"1":1,"2":1,"3":1,"4":0,"5":0,"6":0,"7":0,"8":0,"9":0,"10":0,"11":0,"12":0,"13":0,"14":0,"15":0,"16":0,"17":0,"18":0,"19":4,"20":4,"21":4,"22":4,"23":4,"24":4,"25":0,"26":0,"27":4,"28":1},"f":{"0":0,"1":4,"2":0,"3":0,"4":0},"b":{"0":[0],"1":[0,0],"2":[4,0],"3":[4,4],"4":[4,0],"5":[4,4],"6":[0,4],"7":[4,0],"8":[4,0],"9":[4,4],"10":[4,0,0],"11":[0,0],"12":[0,0],"13":[4,0,0],"14":[0,0],"15":[0,0],"16":[4,0],"17":[4,4],"18":[4,0],"19":[4,4],"20":[0,4],"21":[4,0],"22":[4,0],"23":[4,4],"24":[4,0],"25":[4,4],"26":[4,0],"27":[4,4],"28":[4,0],"29":[4,4],"30":[4,0],"31":[4,4]}}
,"/home/smartin/FilmFlix/film-flix/src/pages/login/Login.tsx": {"path":"/home/smartin/FilmFlix/film-flix/src/pages/login/Login.tsx","statementMap":{"0":{"start":{"line":1,"column":0},"end":{"line":1,"column":25}},"1":{"start":{"line":2,"column":0},"end":{"line":2,"column":53}},"2":{"start":{"line":3,"column":0},"end":{"line":3,"column":71}},"3":{"start":{"line":4,"column":0},"end":{"line":4,"column":33}},"4":{"start":{"line":5,"column":0},"end":{"line":5,"column":43}},"5":{"start":{"line":7,"column":28},"end":{"line":7,"column":30}},"6":{"start":{"line":9,"column":0},"end":{"line":9,"column":24}},"7":{"start":{"line":10,"column":28},"end":{"line":10,"column":40}},"8":{"start":{"line":10,"column":14},"end":{"line":10,"column":16}},"9":{"start":{"line":10,"column":24},"end":{"line":10,"column":28}},"10":{"start":{"line":11,"column":42},"end":{"line":11,"column":54}},"11":{"start":{"line":11,"column":21},"end":{"line":11,"column":23}},"12":{"start":{"line":11,"column":38},"end":{"line":11,"column":42}},"13":{"start":{"line":12,"column":36},"end":{"line":12,"column":51}},"14":{"start":{"line":12,"column":18},"end":{"line":12,"column":20}},"15":{"start":{"line":12,"column":32},"end":{"line":12,"column":36}},"16":{"start":{"line":14,"column":19},"end":{"line":14,"column":32}},"17":{"start":{"line":16,"column":23},"end":{"line":48,"column":4}},"18":{"start":{"line":16,"column":36},"end":{"line":48,"column":4}},"19":{"start":{"line":17,"column":4},"end":{"line":17,"column":23}},"20":{"start":{"line":20,"column":20},"end":{"line":29,"column":null}},"21":{"start":{"line":20,"column":12},"end":{"line":29,"column":null}},"22":{"start":{"line":31,"column":6},"end":{"line":33,"column":null}},"23":{"start":{"line":32,"column":8},"end":{"line":32,"column":70}},"24":{"start":{"line":35,"column":24},"end":{"line":35,"column":null}},"25":{"start":{"line":35,"column":12},"end":{"line":35,"column":null}},"26":{"start":{"line":37,"column":6},"end":{"line":39,"column":null}},"27":{"start":{"line":38,"column":8},"end":{"line":38,"column":41}},"28":{"start":{"line":41,"column":6},"end":{"line":41,"column":53}},"29":{"start":{"line":43,"column":6},"end":{"line":43,"column":27}},"30":{"start":{"line":45,"column":6},"end":{"line":45,"column":36}},"31":{"start":{"line":46,"column":6},"end":{"line":46,"column":25}},"32":{"start":{"line":50,"column":2},"end":{"line":145,"column":4}},"33":{"start":{"line":83,"column":35},"end":{"line":83,"column":null}},"34":{"start":{"line":116,"column":35},"end":{"line":116,"column":null}}},"fnMap":{"0":{"name":"Login","decl":{"start":{"line":9,"column":24},"end":{"line":9,"column":29}},"loc":{"start":{"line":9,"column":29},"end":{"line":146,"column":1}}},"1":{"name":"(anonymous_17)","decl":{"start":{"line":16,"column":23},"end":{"line":16,"column":30}},"loc":{"start":{"line":16,"column":36},"end":{"line":48,"column":4}}},"2":{"name":"(anonymous_18)","decl":{"start":{"line":16,"column":36},"end":{"line":16,"column":null}},"loc":{"start":{"line":16,"column":36},"end":{"line":48,"column":4}}},"3":{"name":"(anonymous_20)","decl":{"start":{"line":83,"column":28},"end":{"line":83,"column":29}},"loc":{"start":{"line":83,"column":30},"end":{"line":83,"column":43}}},"4":{"name":"(anonymous_21)","decl":{"start":{"line":116,"column":28},"end":{"line":116,"column":29}},"loc":{"start":{"line":116,"column":30},"end":{"line":116,"column":50}}}},"branchMap":{"0":{"loc":{"start":{"line":31,"column":6},"end":{"line":33,"column":null}},"type":"if","locations":[{"start":{"line":31,"column":6},"end":{"line":33,"column":null}}]},"1":{"loc":{"start":{"line":37,"column":6},"end":{"line":39,"column":null}},"type":"if","locations":[{"start":{"line":37,"column":6},"end":{"line":39,"column":null}}]},"2":{"loc":{"start":{"line":53,"column":9},"end":{"line":53,"column":55}},"type":"binary-expr","locations":[{"start":{"line":53,"column":9},"end":{"line":53,"column":18}},{"start":{"line":53,"column":22},"end":{"line":53,"column":55}}]}},"s":{"0":1,"1":1,"2":1,"3":1,"4":1,"5":1,"6":2,"7":1,"8":1,"9":1,"10":1,"11":1,"12":1,"13":1,"14":1,"15":1,"16":1,"17":1,"18":0,"19":0,"20":0,"21":0,"22":0,"23":0,"24":0,"25":0,"26":0,"27":0,"28":0,"29":0,"30":0,"31":0,"32":1,"33":0,"34":0},"f":{"0":1,"1":0,"2":0,"3":0,"4":0},"b":{"0":[0],"1":[0],"2":[1,0]}}
,"/home/smartin/FilmFlix/film-flix/src/pages/notFound/NotFound.tsx": {"path":"/home/smartin/FilmFlix/film-flix/src/pages/notFound/NotFound.tsx","statementMap":{"0":{"start":{"line":2,"column":2},"end":{"line":27,"column":4}},"1":{"start":{"line":1,"column":0},"end":{"line":1,"column":24}}},"fnMap":{"0":{"name":"NotFound","decl":{"start":{"line":1,"column":24},"end":{"line":1,"column":32}},"loc":{"start":{"line":1,"column":32},"end":{"line":28,"column":1}}}},"branchMap":{},"s":{"0":2,"1":1},"f":{"0":2},"b":{}}
,"/home/smartin/FilmFlix/film-flix/src/pages/profile/Profile.tsx": {"path":"/home/smartin/FilmFlix/film-flix/src/pages/profile/Profile.tsx","statementMap":{"0":{"start":{"line":1,"column":0},"end":{"line":1,"column":44}},"1":{"start":{"line":2,"column":0},"end":{"line":2,"column":47}},"2":{"start":{"line":3,"column":0},"end":{"line":3,"column":43}},"3":{"start":{"line":15,"column":10},"end":{"line":15,"column":48}},"4":{"start":{"line":16,"column":4},"end":{"line":18,"column":null}},"5":{"start":{"line":17,"column":6},"end":{"line":17,"column":25}},"6":{"start":{"line":20,"column":21},"end":{"line":26,"column":null}},"7":{"start":{"line":20,"column":10},"end":{"line":26,"column":null}},"8":{"start":{"line":28,"column":4},"end":{"line":30,"column":null}},"9":{"start":{"line":29,"column":6},"end":{"line":29,"column":71}},"10":{"start":{"line":31,"column":11},"end":{"line":31,"column":33}},"11":{"start":{"line":31,"column":4},"end":{"line":31,"column":33}},"12":{"start":{"line":33,"column":4},"end":{"line":33,"column":25}},"13":{"start":{"line":37,"column":28},"end":{"line":37,"column":30}},"14":{"start":{"line":40,"column":19},"end":{"line":40,"column":32}},"15":{"start":{"line":41,"column":36},"end":{"line":41,"column":51}},"16":{"start":{"line":41,"column":18},"end":{"line":41,"column":20}},"17":{"start":{"line":41,"column":32},"end":{"line":41,"column":36}},"18":{"start":{"line":42,"column":26},"end":{"line":48,"column":4}},"19":{"start":{"line":42,"column":13},"end":{"line":42,"column":15}},"20":{"start":{"line":42,"column":22},"end":{"line":42,"column":26}},"21":{"start":{"line":50,"column":2},"end":{"line":55,"column":17}},"22":{"start":{"line":51,"column":4},"end":{"line":54,"column":37}},"23":{"start":{"line":52,"column":6},"end":{"line":52,"column":28}},"24":{"start":{"line":53,"column":6},"end":{"line":53,"column":25}},"25":{"start":{"line":54,"column":22},"end":{"line":54,"column":36}},"26":{"start":{"line":57,"column":2},"end":{"line":130,"column":4}},"27":{"start":{"line":99,"column":67},"end":{"line":101,"column":16}},"28":{"start":{"line":112,"column":67},"end":{"line":114,"column":16}},"29":{"start":{"line":120,"column":14},"end":{"line":120,"column":47}},"30":{"start":{"line":121,"column":14},"end":{"line":121,"column":33}},"31":{"start":{"line":39,"column":0},"end":{"line":39,"column":24}}},"fnMap":{"0":{"name":"getUser","decl":{"start":{"line":13,"column":15},"end":{"line":13,"column":22}},"loc":{"start":{"line":13,"column":66},"end":{"line":35,"column":null}}},"1":{"name":"Profile","decl":{"start":{"line":39,"column":24},"end":{"line":39,"column":31}},"loc":{"start":{"line":39,"column":31},"end":{"line":131,"column":1}}},"2":{"name":"(anonymous_20)","decl":{"start":{"line":50,"column":12},"end":{"line":50,"column":null}},"loc":{"start":{"line":50,"column":12},"end":{"line":55,"column":3}}},"3":{"name":"(anonymous_21)","decl":{"start":{"line":51,"column":22},"end":{"line":51,"column":23}},"loc":{"start":{"line":51,"column":28},"end":{"line":54,"column":5}}},"4":{"name":"(anonymous_22)","decl":{"start":{"line":54,"column":12},"end":{"line":54,"column":13}},"loc":{"start":{"line":54,"column":17},"end":{"line":54,"column":29}}},"5":{"name":"(anonymous_23)","decl":{"start":{"line":99,"column":39},"end":{"line":99,"column":40}},"loc":{"start":{"line":99,"column":62},"end":{"line":99,"column":null}}},"6":{"name":"(anonymous_24)","decl":{"start":{"line":112,"column":39},"end":{"line":112,"column":40}},"loc":{"start":{"line":112,"column":62},"end":{"line":112,"column":null}}},"7":{"name":"(anonymous_25)","decl":{"start":{"line":119,"column":21},"end":{"line":119,"column":null}},"loc":{"start":{"line":119,"column":21},"end":{"line":122,"column":13}}}},"branchMap":{"0":{"loc":{"start":{"line":31,"column":4},"end":{"line":31,"column":33}},"type":"switch","locations":[{"start":{"line":31,"column":4},"end":{"line":31,"column":33}}]},"1":{"loc":{"start":{"line":16,"column":4},"end":{"line":18,"column":null}},"type":"if","locations":[{"start":{"line":16,"column":4},"end":{"line":18,"column":null}}]},"2":{"loc":{"start":{"line":24,"column":23},"end":{"line":24,"column":34}},"type":"cond-expr","locations":[{"start":{"line":24,"column":23},"end":{"line":24,"column":28}},{"start":{"line":24,"column":32},"end":{"line":24,"column":34}}]},"3":{"loc":{"start":{"line":24,"column":23},"end":{"line":24,"column":32}},"type":"binary-expr","locations":[{"start":{"line":24,"column":23},"end":{"line":24,"column":32}},{"start":{"line":24,"column":23},"end":{"line":24,"column":32}}]},"4":{"loc":{"start":{"line":28,"column":4},"end":{"line":30,"column":null}},"type":"if","locations":[{"start":{"line":28,"column":4},"end":{"line":30,"column":null}}]},"5":{"loc":{"start":{"line":59,"column":7},"end":{"line":59,"column":53}},"type":"binary-expr","locations":[{"start":{"line":59,"column":7},"end":{"line":59,"column":16}},{"start":{"line":59,"column":20},"end":{"line":59,"column":53}}]}},"s":{"0":1,"1":1,"2":1,"3":0,"4":0,"5":0,"6":0,"7":0,"8":0,"9":0,"10":0,"11":0,"12":0,"13":1,"14":2,"15":2,"16":2,"17":2,"18":2,"19":2,"20":2,"21":2,"22":0,"23":0,"24":0,"25":0,"26":2,"27":0,"28":0,"29":0,"30":0,"31":1},"f":{"0":0,"1":2,"2":0,"3":0,"4":0,"5":0,"6":0,"7":0},"b":{"0":[0],"1":[0],"2":[0,0],"3":[0,0],"4":[0],"5":[2,0]}}
,"/home/smartin/FilmFlix/film-flix/src/pages/signUp/SignUp.tsx": {"path":"/home/smartin/FilmFlix/film-flix/src/pages/signUp/SignUp.tsx","statementMap":{"0":{"start":{"line":1,"column":0},"end":{"line":1,"column":33}},"1":{"start":{"line":2,"column":0},"end":{"line":2,"column":25}},"2":{"start":{"line":3,"column":0},"end":{"line":3,"column":null}},"3":{"start":{"line":8,"column":0},"end":{"line":8,"column":47}},"4":{"start":{"line":9,"column":0},"end":{"line":9,"column":43}},"5":{"start":{"line":11,"column":28},"end":{"line":11,"column":30}},"6":{"start":{"line":13,"column":0},"end":{"line":13,"column":24}},"7":{"start":{"line":14,"column":34},"end":{"line":14,"column":46}},"8":{"start":{"line":14,"column":17},"end":{"line":14,"column":19}},"9":{"start":{"line":14,"column":30},"end":{"line":14,"column":34}},"10":{"start":{"line":15,"column":42},"end":{"line":15,"column":54}},"11":{"start":{"line":15,"column":21},"end":{"line":15,"column":23}},"12":{"start":{"line":15,"column":38},"end":{"line":15,"column":42}},"13":{"start":{"line":16,"column":46},"end":{"line":16,"column":58}},"14":{"start":{"line":16,"column":23},"end":{"line":16,"column":25}},"15":{"start":{"line":16,"column":42},"end":{"line":16,"column":46}},"16":{"start":{"line":17,"column":28},"end":{"line":17,"column":40}},"17":{"start":{"line":17,"column":14},"end":{"line":17,"column":16}},"18":{"start":{"line":17,"column":24},"end":{"line":17,"column":28}},"19":{"start":{"line":18,"column":36},"end":{"line":18,"column":51}},"20":{"start":{"line":18,"column":18},"end":{"line":18,"column":20}},"21":{"start":{"line":18,"column":32},"end":{"line":18,"column":36}},"22":{"start":{"line":19,"column":19},"end":{"line":19,"column":32}},"23":{"start":{"line":21,"column":23},"end":{"line":60,"column":4}},"24":{"start":{"line":21,"column":36},"end":{"line":60,"column":4}},"25":{"start":{"line":22,"column":4},"end":{"line":22,"column":23}},"26":{"start":{"line":24,"column":10},"end":{"line":24,"column":32}},"27":{"start":{"line":25,"column":10},"end":{"line":25,"column":36}},"28":{"start":{"line":26,"column":10},"end":{"line":26,"column":35}},"29":{"start":{"line":27,"column":10},"end":{"line":27,"column":35}},"30":{"start":{"line":33,"column":6},"end":{"line":36,"column":null}},"31":{"start":{"line":34,"column":8},"end":{"line":34,"column":27}},"32":{"start":{"line":35,"column":8},"end":{"line":35,"column":50}},"33":{"start":{"line":38,"column":23},"end":{"line":52,"column":null}},"34":{"start":{"line":38,"column":12},"end":{"line":52,"column":null}},"35":{"start":{"line":54,"column":6},"end":{"line":54,"column":28}},"36":{"start":{"line":55,"column":6},"end":{"line":55,"column":25}},"37":{"start":{"line":57,"column":6},"end":{"line":57,"column":36}},"38":{"start":{"line":58,"column":6},"end":{"line":58,"column":25}},"39":{"start":{"line":62,"column":15},"end":{"line":62,"column":62}},"40":{"start":{"line":63,"column":2},"end":{"line":196,"column":4}},"41":{"start":{"line":93,"column":33},"end":{"line":93,"column":null}},"42":{"start":{"line":117,"column":33},"end":{"line":117,"column":null}},"43":{"start":{"line":143,"column":33},"end":{"line":143,"column":null}},"44":{"start":{"line":169,"column":33},"end":{"line":169,"column":null}}},"fnMap":{"0":{"name":"SignUp","decl":{"start":{"line":13,"column":24},"end":{"line":13,"column":30}},"loc":{"start":{"line":13,"column":30},"end":{"line":197,"column":1}}},"1":{"name":"(anonymous_17)","decl":{"start":{"line":21,"column":23},"end":{"line":21,"column":30}},"loc":{"start":{"line":21,"column":36},"end":{"line":60,"column":4}}},"2":{"name":"(anonymous_18)","decl":{"start":{"line":21,"column":36},"end":{"line":21,"column":null}},"loc":{"start":{"line":21,"column":36},"end":{"line":60,"column":4}}},"3":{"name":"(anonymous_20)","decl":{"start":{"line":93,"column":26},"end":{"line":93,"column":27}},"loc":{"start":{"line":93,"column":28},"end":{"line":93,"column":44}}},"4":{"name":"(anonymous_21)","decl":{"start":{"line":117,"column":26},"end":{"line":117,"column":27}},"loc":{"start":{"line":117,"column":28},"end":{"line":117,"column":41}}},"5":{"name":"(anonymous_22)","decl":{"start":{"line":143,"column":26},"end":{"line":143,"column":27}},"loc":{"start":{"line":143,"column":28},"end":{"line":143,"column":48}}},"6":{"name":"(anonymous_23)","decl":{"start":{"line":169,"column":26},"end":{"line":169,"column":27}},"loc":{"start":{"line":169,"column":28},"end":{"line":169,"column":50}}}},"branchMap":{"0":{"loc":{"start":{"line":33,"column":6},"end":{"line":36,"column":null}},"type":"if","locations":[{"start":{"line":33,"column":6},"end":{"line":36,"column":null}}]},"1":{"loc":{"start":{"line":65,"column":7},"end":{"line":65,"column":53}},"type":"binary-expr","locations":[{"start":{"line":65,"column":7},"end":{"line":65,"column":16}},{"start":{"line":65,"column":20},"end":{"line":65,"column":53}}]}},"s":{"0":1,"1":1,"2":1,"3":1,"4":1,"5":1,"6":3,"7":2,"8":2,"9":2,"10":2,"11":2,"12":2,"13":2,"14":2,"15":2,"16":2,"17":2,"18":2,"19":2,"20":2,"21":2,"22":2,"23":2,"24":0,"25":0,"26":0,"27":0,"28":0,"29":0,"30":0,"31":0,"32":0,"33":0,"34":0,"35":0,"36":0,"37":0,"38":0,"39":2,"40":2,"41":0,"42":0,"43":0,"44":0},"f":{"0":2,"1":0,"2":0,"3":0,"4":0,"5":0,"6":0},"b":{"0":[0],"1":[2,0]}}
}
