TN:
SF:src/components/alert.tsx
FN:1,Alert
FNF:1
FNH:0
FNDA:0,Alert
DA:1,3
DA:2,0
LF:2
LH:1
BRF:0
BRH:0
end_of_record
TN:
SF:src/components/footer.tsx
FN:1,Footer
FNF:1
FNH:0
FNDA:0,Footer
DA:1,3
DA:2,0
DA:3,0
LF:3
LH:1
BRF:0
BRH:0
end_of_record
TN:
SF:src/components/navbar.tsx
FN:4,Navbar
FN:21,(anonymous_3)
FNF:2
FNH:0
FNDA:0,Navbar
FNDA:0,(anonymous_3)
DA:1,3
DA:2,3
DA:4,3
DA:5,0
DA:6,0
DA:7,0
DA:9,0
DA:22,0
LF:8
LH:3
BRDA:71,0,0,0
BRDA:71,0,1,0
BRDA:85,1,0,0
BRDA:85,1,1,0
BRDA:99,2,0,0
BRDA:99,2,1,0
BRF:6
BRH:0
end_of_record
TN:
SF:src/pages/Home/Home.tsx
FN:4,Home
FNF:1
FNH:1
FNDA:4,Home
DA:1,1
DA:2,1
DA:4,1
DA:5,4
DA:6,4
DA:7,4
DA:9,4
LF:7
LH:7
BRF:0
BRH:0
end_of_record
TN:
SF:src/pages/content/content.tsx
FN:36,getContent
FN:58,Content
FN:62,(anonymous_20)
FN:63,(anonymous_21)
FN:65,(anonymous_22)
FN:116,(anonymous_23)
FNF:6
FNH:1
FNDA:0,getContent
FNDA:12,Content
FNDA:0,(anonymous_20)
FNDA:0,(anonymous_21)
FNDA:0,(anonymous_22)
FNDA:0,(anonymous_23)
DA:1,1
DA:2,1
DA:3,1
DA:5,1
DA:38,0
DA:41,0
DA:42,0
DA:44,0
DA:45,0
DA:46,0
DA:48,0
DA:51,0
DA:52,0
DA:58,12
DA:59,12
DA:60,12
DA:62,12
DA:63,0
DA:64,0
DA:66,0
DA:70,12
DA:116,0
LF:22
LH:9
BRDA:41,0,0,0
BRDA:45,1,0,0
BRDA:45,1,1,0
BRF:3
BRH:0
end_of_record
TN:
SF:src/pages/contentInfo/contentInfo.tsx
FN:36,getContentInfo
FN:60,ContentInfo
FN:66,(anonymous_20)
FN:67,(anonymous_21)
FN:68,(anonymous_22)
FNF:5
FNH:1
FNDA:0,getContentInfo
FNDA:4,ContentInfo
FNDA:0,(anonymous_20)
FNDA:0,(anonymous_21)
FNDA:0,(anonymous_22)
DA:1,1
DA:2,1
DA:3,1
DA:5,1
DA:38,0
DA:39,0
DA:40,0
DA:43,0
DA:44,0
DA:45,0
DA:47,0
DA:48,0
DA:49,0
DA:50,0
DA:52,0
DA:55,0
DA:56,0
DA:60,4
DA:61,4
DA:64,4
DA:66,4
DA:67,0
DA:68,0
DA:71,4
LF:24
LH:9
BRDA:44,0,0,0
BRDA:49,1,0,0
BRDA:49,1,1,0
BRDA:90,2,0,4
BRDA:90,2,1,0
BRDA:90,3,0,4
BRDA:90,3,1,4
BRDA:98,4,0,4
BRDA:98,4,1,0
BRDA:98,5,0,4
BRDA:98,5,1,4
BRDA:106,6,0,0
BRDA:106,6,1,4
BRDA:106,7,0,4
BRDA:106,7,1,0
BRDA:106,8,0,4
BRDA:106,8,1,0
BRDA:106,9,0,4
BRDA:106,9,1,4
BRDA:110,10,0,4
BRDA:110,10,1,0
BRDA:110,10,2,0
BRDA:116,11,0,0
BRDA:116,11,1,0
BRDA:116,12,0,0
BRDA:116,12,1,0
BRDA:121,13,0,4
BRDA:121,13,1,0
BRDA:121,13,2,0
BRDA:127,14,0,0
BRDA:127,14,1,0
BRDA:127,15,0,0
BRDA:127,15,1,0
BRDA:138,16,0,4
BRDA:138,16,1,0
BRDA:138,17,0,4
BRDA:138,17,1,4
BRDA:144,18,0,4
BRDA:144,18,1,0
BRDA:144,19,0,4
BRDA:144,19,1,4
BRDA:152,20,0,0
BRDA:152,20,1,4
BRDA:152,21,0,4
BRDA:152,21,1,0
BRDA:152,22,0,4
BRDA:152,22,1,0
BRDA:152,23,0,4
BRDA:152,23,1,4
BRDA:152,24,0,4
BRDA:152,24,1,0
BRDA:152,25,0,4
BRDA:152,25,1,4
BRDA:158,26,0,4
BRDA:158,26,1,0
BRDA:158,27,0,4
BRDA:158,27,1,4
BRDA:164,28,0,4
BRDA:164,28,1,0
BRDA:164,29,0,4
BRDA:164,29,1,4
BRDA:170,30,0,4
BRDA:170,30,1,0
BRDA:170,31,0,4
BRDA:170,31,1,4
BRF:65
BRH:36
end_of_record
TN:
SF:src/pages/login/Login.tsx
FN:9,Login
FN:16,(anonymous_17)
FN:16,(anonymous_18)
FN:83,(anonymous_20)
FN:116,(anonymous_21)
FNF:5
FNH:1
FNDA:1,Login
FNDA:0,(anonymous_17)
FNDA:0,(anonymous_18)
FNDA:0,(anonymous_20)
FNDA:0,(anonymous_21)
DA:1,1
DA:2,1
DA:3,1
DA:4,1
DA:5,1
DA:7,1
DA:9,2
DA:10,1
DA:11,1
DA:12,1
DA:14,1
DA:16,1
DA:17,0
DA:20,0
DA:31,0
DA:32,0
DA:35,0
DA:37,0
DA:38,0
DA:41,0
DA:43,0
DA:45,0
DA:46,0
DA:50,1
DA:83,0
DA:116,0
LF:26
LH:13
BRDA:31,0,0,0
BRDA:37,1,0,0
BRDA:53,2,0,1
BRDA:53,2,1,0
BRF:4
BRH:1
end_of_record
TN:
SF:src/pages/notFound/NotFound.tsx
FN:1,NotFound
FNF:1
FNH:1
FNDA:2,NotFound
DA:1,1
DA:2,2
LF:2
LH:2
BRF:0
BRH:0
end_of_record
TN:
SF:src/pages/profile/Profile.tsx
FN:13,getUser
FN:39,Profile
FN:50,(anonymous_20)
FN:51,(anonymous_21)
FN:54,(anonymous_22)
FN:99,(anonymous_23)
FN:112,(anonymous_24)
FN:119,(anonymous_25)
FNF:8
FNH:1
FNDA:0,getUser
FNDA:2,Profile
FNDA:0,(anonymous_20)
FNDA:0,(anonymous_21)
FNDA:0,(anonymous_22)
FNDA:0,(anonymous_23)
FNDA:0,(anonymous_24)
FNDA:0,(anonymous_25)
DA:1,1
DA:2,1
DA:3,1
DA:15,0
DA:16,0
DA:17,0
DA:20,0
DA:28,0
DA:29,0
DA:31,0
DA:33,0
DA:37,1
DA:39,1
DA:40,2
DA:41,2
DA:42,2
DA:50,2
DA:51,0
DA:52,0
DA:53,0
DA:54,0
DA:57,2
DA:99,0
DA:112,0
DA:120,0
DA:121,0
LF:26
LH:10
BRDA:31,0,0,0
BRDA:16,1,0,0
BRDA:24,2,0,0
BRDA:24,2,1,0
BRDA:24,3,0,0
BRDA:24,3,1,0
BRDA:28,4,0,0
BRDA:59,5,0,2
BRDA:59,5,1,0
BRF:9
BRH:1
end_of_record
TN:
SF:src/pages/signUp/SignUp.tsx
FN:13,SignUp
FN:21,(anonymous_17)
FN:21,(anonymous_18)
FN:93,(anonymous_20)
FN:117,(anonymous_21)
FN:143,(anonymous_22)
FN:169,(anonymous_23)
FNF:7
FNH:1
FNDA:2,SignUp
FNDA:0,(anonymous_17)
FNDA:0,(anonymous_18)
FNDA:0,(anonymous_20)
FNDA:0,(anonymous_21)
FNDA:0,(anonymous_22)
FNDA:0,(anonymous_23)
DA:1,1
DA:2,1
DA:3,1
DA:8,1
DA:9,1
DA:11,1
DA:13,3
DA:14,2
DA:15,2
DA:16,2
DA:17,2
DA:18,2
DA:19,2
DA:21,2
DA:22,0
DA:24,0
DA:25,0
DA:26,0
DA:27,0
DA:33,0
DA:34,0
DA:35,0
DA:38,0
DA:54,0
DA:55,0
DA:57,0
DA:58,0
DA:62,2
DA:63,2
DA:93,0
DA:117,0
DA:143,0
DA:169,0
LF:33
LH:16
BRDA:33,0,0,0
BRDA:65,1,0,2
BRDA:65,1,1,0
BRF:3
BRH:1
end_of_record
